app/build/intermediates/manifest_merge_blame_file/release/manifest-merger-blame-release-report.txt
1<?xml version="1.0" encoding="utf-8"?>
2<manifest xmlns:android="http://schemas.android.com/apk/res/android"
3    package="com.example.roonplayer"
4    android:versionCode="4"
5    android:versionName="2.07" >
6
7    <uses-sdk
8        android:minSdkVersion="26"
9        android:targetSdkVersion="33" />
10
11    <uses-permission android:name="android.permission.INTERNET" />
11-->src/main/AndroidManifest.xml:5:5-67
11-->src/main/AndroidManifest.xml:5:22-64
12    <uses-permission android:name="android.permission.ACCESS_NETWORK_STATE" />
12-->src/main/AndroidManifest.xml:6:5-79
12-->src/main/AndroidManifest.xml:6:22-76
13    <uses-permission android:name="android.permission.ACCESS_WIFI_STATE" />
13-->src/main/AndroidManifest.xml:7:5-76
13-->src/main/AndroidManifest.xml:7:22-73
14    <uses-permission android:name="android.permission.CHANGE_WIFI_MULTICAST_STATE" />
14-->src/main/AndroidManifest.xml:8:5-86
14-->src/main/AndroidManifest.xml:8:22-83
15    <uses-permission android:name="android.permission.ACCESS_COARSE_LOCATION" />
15-->src/main/AndroidManifest.xml:9:5-81
15-->src/main/AndroidManifest.xml:9:22-78
16    <uses-permission android:name="android.permission.ACCESS_FINE_LOCATION" />
16-->src/main/AndroidManifest.xml:10:5-79
16-->src/main/AndroidManifest.xml:10:22-76
17    <uses-permission android:name="android.permission.NEARBY_WIFI_DEVICES" />
17-->src/main/AndroidManifest.xml:11:5-99
17-->src/main/AndroidManifest.xml:11:22-75
18    <uses-permission android:name="android.permission.CHANGE_NETWORK_STATE" />
18-->src/main/AndroidManifest.xml:12:5-79
18-->src/main/AndroidManifest.xml:12:22-76
19    <uses-permission android:name="android.permission.WAKE_LOCK" />
19-->src/main/AndroidManifest.xml:13:5-68
19-->src/main/AndroidManifest.xml:13:22-65
20    <uses-permission android:name="android.permission.WRITE_EXTERNAL_STORAGE" />
20-->src/main/AndroidManifest.xml:14:5-81
20-->src/main/AndroidManifest.xml:14:22-78
21    <uses-permission android:name="android.permission.READ_EXTERNAL_STORAGE" />
21-->src/main/AndroidManifest.xml:15:5-80
21-->src/main/AndroidManifest.xml:15:22-77
22    <uses-permission android:name="android.permission.RECEIVE_BOOT_COMPLETED" />
22-->src/main/AndroidManifest.xml:16:5-81
22-->src/main/AndroidManifest.xml:16:22-78
23    <uses-permission android:name="android.permission.FOREGROUND_SERVICE" />
23-->src/main/AndroidManifest.xml:17:5-77
23-->src/main/AndroidManifest.xml:17:22-74
24    <uses-permission android:name="android.permission.FOREGROUND_SERVICE_MEDIA_PLAYBACK" />
24-->src/main/AndroidManifest.xml:18:5-92
24-->src/main/AndroidManifest.xml:18:22-89
25    <uses-permission android:name="android.permission.POST_NOTIFICATIONS" />
25-->src/main/AndroidManifest.xml:19:5-77
25-->src/main/AndroidManifest.xml:19:22-74
26
27    <application
27-->src/main/AndroidManifest.xml:21:5-51:19
28        android:allowBackup="true"
28-->src/main/AndroidManifest.xml:22:9-35
29        android:appComponentFactory="androidx.core.app.CoreComponentFactory"
29-->[androidx.core:core:1.7.0] AndroidManifest.xml:24:18-86
30        android:extractNativeLibs="false"
31        android:icon="@mipmap/ic_launcher"
31-->src/main/AndroidManifest.xml:23:9-43
32        android:label="CoverArt"
32-->src/main/AndroidManifest.xml:24:9-33
33        android:networkSecurityConfig="@xml/network_security_config"
33-->src/main/AndroidManifest.xml:27:9-69
34        android:supportsRtl="true"
34-->src/main/AndroidManifest.xml:25:9-35
35        android:usesCleartextTraffic="true" >
35-->src/main/AndroidManifest.xml:26:9-44
36        <activity
36-->src/main/AndroidManifest.xml:28:9-37:20
37            android:name="com.example.roonplayer.MainActivity"
37-->src/main/AndroidManifest.xml:29:13-41
38            android:configChanges="orientation|screenSize|keyboardHidden"
38-->src/main/AndroidManifest.xml:32:13-74
39            android:exported="true"
39-->src/main/AndroidManifest.xml:30:13-36
40            android:theme="@android:style/Theme.NoTitleBar.Fullscreen" >
40-->src/main/AndroidManifest.xml:31:13-71
41            <intent-filter>
41-->src/main/AndroidManifest.xml:33:13-36:29
42                <action android:name="android.intent.action.MAIN" />
42-->src/main/AndroidManifest.xml:34:17-69
42-->src/main/AndroidManifest.xml:34:25-66
43
44                <category android:name="android.intent.category.LAUNCHER" />
44-->src/main/AndroidManifest.xml:35:17-77
44-->src/main/AndroidManifest.xml:35:27-74
45            </intent-filter>
46        </activity>
47
48        <receiver
48-->src/main/AndroidManifest.xml:39:9-44:20
49            android:name="com.example.roonplayer.BootReceiver"
49-->src/main/AndroidManifest.xml:39:19-47
50            android:exported="true" >
50-->src/main/AndroidManifest.xml:40:13-36
51            <intent-filter>
51-->src/main/AndroidManifest.xml:41:13-43:29
52                <action android:name="android.intent.action.BOOT_COMPLETED" />
52-->src/main/AndroidManifest.xml:42:17-79
52-->src/main/AndroidManifest.xml:42:25-76
53            </intent-filter>
54        </receiver>
55
56        <service
56-->src/main/AndroidManifest.xml:46:9-50:61
57            android:name="com.example.roonplayer.service.CoverArtDiscoveryService"
57-->src/main/AndroidManifest.xml:47:13-61
58            android:enabled="true"
58-->src/main/AndroidManifest.xml:48:13-35
59            android:exported="false"
59-->src/main/AndroidManifest.xml:49:13-37
60            android:foregroundServiceType="mediaPlayback" />
60-->src/main/AndroidManifest.xml:50:13-58
61
62        <provider
62-->[androidx.emoji2:emoji2:1.0.0] AndroidManifest.xml:26:9-34:20
63            android:name="androidx.startup.InitializationProvider"
63-->[androidx.emoji2:emoji2:1.0.0] AndroidManifest.xml:27:13-67
64            android:authorities="com.example.roonplayer.androidx-startup"
64-->[androidx.emoji2:emoji2:1.0.0] AndroidManifest.xml:28:13-68
65            android:exported="false" >
65-->[androidx.emoji2:emoji2:1.0.0] AndroidManifest.xml:29:13-37
66            <meta-data
66-->[androidx.emoji2:emoji2:1.0.0] AndroidManifest.xml:31:13-33:52
67                android:name="androidx.emoji2.text.EmojiCompatInitializer"
67-->[androidx.emoji2:emoji2:1.0.0] AndroidManifest.xml:32:17-75
68                android:value="androidx.startup" />
68-->[androidx.emoji2:emoji2:1.0.0] AndroidManifest.xml:33:17-49
69            <meta-data
69-->[androidx.lifecycle:lifecycle-process:2.4.0] AndroidManifest.xml:31:13-33:52
70                android:name="androidx.lifecycle.ProcessLifecycleInitializer"
70-->[androidx.lifecycle:lifecycle-process:2.4.0] AndroidManifest.xml:32:17-78
71                android:value="androidx.startup" />
71-->[androidx.lifecycle:lifecycle-process:2.4.0] AndroidManifest.xml:33:17-49
72        </provider>
73    </application>
74
75</manifest>